<?xml version="1.0" encoding="UTF-8"?>
<!-- Generated by org.testng.reporters.JUnitReportReporter -->
<testsuite skipped="0" hostname="Shubham_Desk" name="org.testing.testscripts.LoginTestCase" tests="1" failures="0" timestamp="18 Mar 2019 11:48:55 GMT" time="36.030" errors="0">
  <testcase name="gmailLogin" time="36.030" classname="org.testing.testscripts.LoginTestCase"/>
</testsuite> <!-- org.testing.testscripts.LoginTestCase -->
